#
# A fatal error has been detected by the Java Runtime Environment:
#
#  Internal Error (javaClasses.cpp:129), pid=3224, tid=4960
#  fatal error: Invalid layout of preloaded class
#
# JRE version: 7.0_17-b02
# Java VM: Java HotSpot(TM) Client VM (23.7-b01 mixed mode windows-x86 )
# Failed to write core dump. Minidumps are not enabled by default on client versions of Windows
#
# If you would like to submit a bug report, please visit:
#   http://bugreport.sun.com/bugreport/crash.jsp
#

---------------  T H R E A D  ---------------

Current thread (0x0167b800):  JavaThread "Unknown thread" [_thread_in_vm, id=4960, stack(0x011c0000,0x01210000)]

Stack: [0x011c0000,0x01210000],  sp=0x0120f4e8,  free space=317k
Native frames: (J=compiled Java code, j=interpreted, Vv=VM code, C=native code)
V  [jvm.dll+0x16f261]
V  [jvm.dll+0x1693d6]
V  [jvm.dll+0x2079f]
V  [jvm.dll+0x20826]
V  [jvm.dll+0x2e5bd]
V  [jvm.dll+0x2e869]
V  [jvm.dll+0x77ba1]
V  [jvm.dll+0x77f5b]
V  [jvm.dll+0x1290e1]
V  [jvm.dll+0x149b3a]
V  [jvm.dll+0xa98df]
C  [javaw.exe+0x13ca]
C  [javaw.exe+0x1e3c]
C  [javaw.exe+0xa5a1]
C  [javaw.exe+0xa62b]
C  [kernel32.dll+0x4ed6c]  BaseThreadInitThunk+0x12
C  [ntdll.dll+0x6377b]  RtlInitializeExceptionChain+0xef
C  [ntdll.dll+0x6374e]  RtlInitializeExceptionChain+0xc2


---------------  P R O C E S S  ---------------

Java Threads: ( => current thread )

Other Threads:

=>0x0167b800 (exited) JavaThread "Unknown thread" [_thread_in_vm, id=4960, stack(0x011c0000,0x01210000)]

VM state:not at safepoint (not fully initialized)

VM Mutex/Monitor currently owned by a thread: None

GC Heap History (0 events):
No events

Deoptimization events (0 events):
No events

Internal exceptions (0 events):
No events

Events (10 events):
Event: 0.006 loading class 0x016bde80 done
Event: 0.006 loading class 0x016bc510 done
Event: 0.006 loading class 0x016bc4e8
Event: 0.006 loading class 0x01733b00
Event: 0.006 loading class 0x01733b00 done
Event: 0.006 loading class 0x01733b38
Event: 0.006 loading class 0x01733b38 done
Event: 0.006 loading class 0x01727950
Event: 0.006 loading class 0x01727950 done
Event: 0.006 loading class 0x016bc4e8 done


Dynamic libraries:
0x00290000 - 0x002bf000 	C:\Program Files\Java\jre7\bin\javaw.exe
0x77680000 - 0x777bc000 	C:\Windows\SYSTEM32\ntdll.dll
0x76210000 - 0x762e4000 	C:\Windows\system32\kernel32.dll
0x75ac0000 - 0x75b0b000 	C:\Windows\system32\KERNELBASE.dll
0x77280000 - 0x77320000 	C:\Windows\system32\ADVAPI32.dll
0x76580000 - 0x7662c000 	C:\Windows\system32\msvcrt.dll
0x76010000 - 0x76029000 	C:\Windows\SYSTEM32\sechost.dll
0x75f60000 - 0x76001000 	C:\Windows\system32\RPCRT4.dll
0x75d60000 - 0x75e29000 	C:\Windows\system32\USER32.dll
0x77320000 - 0x7736e000 	C:\Windows\system32\GDI32.dll
0x778a0000 - 0x778aa000 	C:\Windows\system32\LPK.dll
0x77800000 - 0x7789d000 	C:\Windows\system32\USP10.dll
0x74480000 - 0x7461e000 	C:\Windows\WinSxS\x86_microsoft.windows.common-controls_6595b64144ccf1df_6.0.7601.17514_none_41e6975e2bd6f2b2\COMCTL32.dll
0x764d0000 - 0x76527000 	C:\Windows\system32\SHLWAPI.dll
0x761f0000 - 0x7620f000 	C:\Windows\system32\IMM32.DLL
0x775b0000 - 0x7767c000 	C:\Windows\system32\MSCTF.dll
0x65680000 - 0x6573e000 	C:\Program Files\Java\jre7\bin\msvcr100.dll
0x6ddb0000 - 0x6e0fc000 	C:\Program Files\Java\jre7\bin\client\jvm.dll
0x6c9a0000 - 0x6c9a7000 	C:\Windows\system32\WSOCK32.dll
0x777c0000 - 0x777f5000 	C:\Windows\system32\WS2_32.dll
0x75cc0000 - 0x75cc6000 	C:\Windows\system32\NSI.dll
0x73f40000 - 0x73f72000 	C:\Windows\system32\WINMM.dll
0x77370000 - 0x77375000 	C:\Windows\system32\PSAPI.DLL
0x6f6a0000 - 0x6f6ac000 	C:\Program Files\Java\jre7\bin\verify.dll
0x554b0000 - 0x554d0000 	C:\Program Files\Java\jre7\bin\java.dll
0x55490000 - 0x554a3000 	C:\Program Files\Java\jre7\bin\zip.dll
0x6e670000 - 0x6e75b000 	C:\Windows\system32\dbghelp.dll

VM Arguments:
jvm_args: -Dfile.encoding=Cp1252 -Xbootclasspath:C:\Users\administrador\Downloads\adt-bundle-windows-x86-20130219\sdk\platforms\android-17\android.jar 
java_command: org.eclipse.jdt.internal.junit.runner.RemoteTestRunner -version 3 -port 60197 -testLoaderClass org.eclipse.jdt.internal.junit.runner.junit3.JUnit3TestLoader -loaderpluginname org.eclipse.jdt.junit.runtime -classNames ar.com.stomalab.souyaban.tests.TestZonaLibre
Launcher Type: SUN_STANDARD

Environment Variables:
PATH=C:/Program Files/Java/jre7/bin/client;C:/Program Files/Java/jre7/bin;C:/Program Files/Java/jre7/lib/i386;C:\Program Files\MiKTeX 2.9\miktex\bin;C:\Program Files\NVIDIA Corporation\PhysX\Common;C:\Windows\system32;C:\Windows;C:\Windows\System32\Wbem;C:\Windows\System32\WindowsPowerShell\v1.0\;c:\Program Files\Microsoft SQL Server\100\Tools\Binn\;c:\Program Files\Microsoft SQL Server\100\DTS\Binn\;C:\Program Files\Visual Leak Detector\bin\Win32;C:\Program Files\Visual Leak Detector\bin\Win64;C:\strawberry\c\bin;C:\strawberry\perl\site\bin;C:\strawberry\perl\bin;C:\RailsInstaller\Git\cmd;C:\RailsInstaller\Ruby1.9.3\bin;C:\Program Files\Common Files\Shoes\0.r1514\..;C:\Users\administrador\Downloads\adt-bundle-windows-x86-20130219\eclipse;
USERNAME=administrador
OS=Windows_NT
PROCESSOR_IDENTIFIER=x86 Family 6 Model 58 Stepping 9, GenuineIntel



---------------  S Y S T E M  ---------------

OS: Windows 7 Build 7601 Service Pack 1

CPU:total 8 (4 cores per cpu, 2 threads per core) family 6 model 58 stepping 9, cmov, cx8, fxsr, mmx, sse, sse2, sse3, ssse3, sse4.1, sse4.2, popcnt, avx, ht, tsc, tscinvbit, tscinv

Memory: 4k page, physical 3644208k(1026916k free), swap 7286664k(2927728k free)

vm_info: Java HotSpot(TM) Client VM (23.7-b01) for windows-x86 JRE (1.7.0_17-b02), built on Mar  1 2013 05:04:36 by "java_re" with unknown MS VC++:1600

time: Fri Apr 19 13:26:38 2013
elapsed time: 0 seconds

